<?xml version="1.0" encoding="UTF-8"?>
<!-- Generated by org.testng.reporters.JUnitReportReporter -->
<testsuite hostname="DESKTOP-JASBN3Q" name="mavanPackage.HMSReg" tests="2" failures="0" timestamp="10 Oct 2019 06:22:22 GMT" time="38.135" errors="0">
  <testcase name="f" time="21.725" classname="mavanPackage.HMSReg"/>
  <testcase name="f" time="16.410" classname="mavanPackage.HMSReg"/>
</testsuite> <!-- mavanPackage.HMSReg -->
