<?xml version="1.0" encoding="UTF-8"?>
<!-- Generated by org.testng.reporters.JUnitReportReporter -->
<testsuite hostname="DESKTOP-JASBN3Q" name="mavanPackage.HMSReg" tests="1" failures="0" timestamp="10 Oct 2019 08:37:46 GMT" time="16.056" errors="0">
  <testcase name="f" time="16.056" classname="mavanPackage.HMSReg"/>
</testsuite> <!-- mavanPackage.HMSReg -->
